[36m  6[90m#[[32mconn.c:494[90m][33m _xbee_conNew()[0m [35m0x7ff680c03c30[90m:[0m Created new 'Local AT' type connection
[36m 25[90m#[[32mlog.c:242[90m][33m _xbee_logData()[0m [35m0x7ff680c03c30[90m:[0m Tx[[31m0x7ff680c03ce0[0m] length: 4
[36m 25[90m#[[32mlog.c:256[90m][33m _xbee_logData()[0m [35m0x7ff680c03c30[90m:[0m Tx[[31m0x7ff680c03ce0[0m]: 0x0000 : 0x08 0x01 0x4E 0x44                      | ..ND    
[36m 25[90m#[[32mlog.c:242[90m][33m _xbee_logData()[0m [35m0x7ff680c03c30[90m:[0m Rx[[31m0x7ff680c03d70[0m] length: 25
[36m 25[90m#[[32mlog.c:256[90m][33m _xbee_logData()[0m [35m0x7ff680c03c30[90m:[0m Rx[[31m0x7ff680c03d70[0m]: 0x0000 : 0x88 0x01 0x4E 0x44 0x00 0xA0 0x3B 0x00  | ..ND..;.
[36m 25[90m#[[32mlog.c:256[90m][33m _xbee_logData()[0m [35m0x7ff680c03c30[90m:[0m Rx[[31m0x7ff680c03d70[0m]: 0x0008 : 0x13 0xA2 0x00 0x40 0xA9 0x33 0x85 0x20  | ...@.3. 
[36m 25[90m#[[32mlog.c:256[90m][33m _xbee_logData()[0m [35m0x7ff680c03c30[90m:[0m Rx[[31m0x7ff680c03d70[0m]: 0x0010 : 0x00 0xFF 0xFE 0x01 0x00 0xC1 0x05 0x10  | ........
[36m 25[90m#[[32mlog.c:256[90m][33m _xbee_logData()[0m [35m0x7ff680c03c30[90m:[0m Rx[[31m0x7ff680c03d70[0m]: 0x0018 : 0x1E                                     | .       
[36m 12[90m#[[32mrx.c:197[90m][33m xbee_rxHandler()[0m [35m0x7ff680c03c30[90m:[0m received 'Local AT' type packet...
[36m 15[90m#[[32mrx.c:214[90m][33m xbee_rxHandler()[0m [35m0x7ff680c03c30[90m:[0m matched packet with con @ 0x7ff680d001c0
[36m 16[90m#[[32mconn.c:181[90m][33m xbee_conLogAddress()[0m [35m0x7ff680c03c30[90m:[0m address @ 0x10113fe08...
[36m 16[90m#[[32mconn.c:182[90m][33m xbee_conLogAddress()[0m [35m0x7ff680c03c30[90m:[0m    broadcast:      No
[36m 16[90m#[[32mconn.c:186[90m][33m xbee_conLogAddress()[0m [35m0x7ff680c03c30[90m:[0m    16-bit address:  --
[36m 16[90m#[[32mconn.c:193[90m][33m xbee_conLogAddress()[0m [35m0x7ff680c03c30[90m:[0m    64-bit address:  --
[36m 16[90m#[[32mconn.c:198[90m][33m xbee_conLogAddress()[0m [35m0x7ff680c03c30[90m:[0m    endpoints:       --
[36m 16[90m#[[32mconn.c:203[90m][33m xbee_conLogAddress()[0m [35m0x7ff680c03c30[90m:[0m    profile ID:      ----
[36m 16[90m#[[32mconn.c:208[90m][33m xbee_conLogAddress()[0m [35m0x7ff680c03c30[90m:[0m    cluster ID:      ----
[36m 20[90m#[[32mrx.c:148[90m][33m xbee_rxHandler()[0m [35m0x7ff680c03c30[90m:[0m received Tx status (block: 0x7ff681001200, frame: 0x01, status: 0x00)
[36m  2[90m#[[32mrx.c:150[90m][33m xbee_rxHandler()[0m [35m0x7ff680c03c30[90m:[0m failed to respond to frame (block: 0x7ff681001200, frame: 0x01)... xbee_framePost() returned -17
[36m 15[90m#[[32mthread.c:68[90m][33m threadFunc()[0m [35m0x7ff680c03c30[90m:[0m starting thread 0x7ff680f00190, function xbee_conCallbackHandler()...
[36m  8[90m#[[32mconn.c:924[90m][33m xbee_conCallbackHandler()[0m [35m0x7ff680c03c30[90m:[0m connection @ 0x7ff680d001c0 got packet @ 0x7ff680f00080, about to hand to callback function @ 0x100fce7f0...
[36m 10[90m#[[32mthread.c:78[90m][33m threadFunc()[0m [35m0x7ff680c03c30[90m:[0m thread 0x7ff680f00190, function xbee_conCallbackHandler() returned without error...
[36m 15[90m#[[32mthread.c:93[90m][33m threadFunc()[0m [35m0x7ff680c03c30[90m:[0m thread 0x7ff680f00190, function xbee_conCallbackHandler() has now ended...
