[36m 25[90m#[[32mlog.c:256[90m][33m _xbee_logData()[0m [35m0x7f9732d00000[90m:[0m Rx[[31m0x7f9732d00140[0m]: 0x0000 : 0x90 0x00 0x13 0xA2 0x00 0x40 0xA9 0x33  | .....@.3
[36m 25[90m#[[32mlog.c:256[90m][33m _xbee_logData()[0m [35m0x7f9732d00000[90m:[0m Rx[[31m0x7f9732d00140[0m]: 0x0008 : 0x85 0x57 0x33 0x01 0xFF                 | .W3..   
[36m  6[90m#[[32mconn.c:494[90m][33m _xbee_conNew()[0m [35m0x7f9732d00000[90m:[0m Created new 'Data' type connection
[36m  8[90m#[[32mconn.c:181[90m][33m xbee_conLogAddress()[0m [35m0x7f9732d00000[90m:[0m address @ 0x7fff530f6990...
[36m  8[90m#[[32mconn.c:182[90m][33m xbee_conLogAddress()[0m [35m0x7f9732d00000[90m:[0m    broadcast:      No
[36m 25[90m#[[32mlog.c:242[90m][33m _xbee_logData()[0m [35m0x7f9732d00000[90m:[0m Rx[[31m0x7f9732d00140[0m] length: 13
[36m  8[90m#[[32mconn.c:186[90m][33m xbee_conLogAddress()[0m [35m0x7f9732d00000[90m:[0m    16-bit address:  --
[36m 12[90m#[[32mrx.c:197[90m][33m xbee_rxHandler()[0m [35m0x7f9732d00000[90m:[0m received 'Data' type packet...
[36m 25[90m#[[32mlog.c:256[90m][33m _xbee_logData()[0m [35m0x7f9732d00000[90m:[0m Rx[[31m0x7f9732d00140[0m]: 0x0000 : 0x90 0x00 0x13 0xA2 0x00 0x40 0xA9 0x33  | .....@.3
[36m  8[90m#[[32mconn.c:191[90m][33m xbee_conLogAddress()[0m [35m0x7f9732d00000[90m:[0m    64-bit address:  0x0013A200 0x40A93385
[36m 15[90m#[[32mrx.c:214[90m][33m xbee_rxHandler()[0m [35m0x7f9732d00000[90m:[0m matched packet with con @ 0x7f9732d00980
[36m 25[90m#[[32mlog.c:256[90m][33m _xbee_logData()[0m [35m0x7f9732d00000[90m:[0m Rx[[31m0x7f9732d00140[0m]: 0x0008 : 0x85 0x57 0x33 0x01 0xFE                 | .W3..   
[36m  8[90m#[[32mconn.c:198[90m][33m xbee_conLogAddress()[0m [35m0x7f9732d00000[90m:[0m    endpoints:       --
[36m 16[90m#[[32mconn.c:181[90m][33m xbee_conLogAddress()[0m [35m0x7f9732d00000[90m:[0m address @ 0x10cc7de08...
[36m  8[90m#[[32mconn.c:203[90m][33m xbee_conLogAddress()[0m [35m0x7f9732d00000[90m:[0m    profile ID:      ----
[36m 25[90m#[[32mlog.c:242[90m][33m _xbee_logData()[0m [35m0x7f9732d00000[90m:[0m Rx[[31m0x7f9732d00140[0m] length: 14
[36m 16[90m#[[32mconn.c:182[90m][33m xbee_conLogAddress()[0m [35m0x7f9732d00000[90m:[0m    broadcast:      No
[36m  8[90m#[[32mconn.c:208[90m][33m xbee_conLogAddress()[0m [35m0x7f9732d00000[90m:[0m    cluster ID:      ----
[36m 25[90m#[[32mlog.c:256[90m][33m _xbee_logData()[0m [35m0x7f9732d00000[90m:[0m Rx[[31m0x7f9732d00140[0m]: 0x0000 : 0x90 0x00 0x13 0xA2 0x00 0x40 0xA9 0x33  | .....@.3
[36m 16[90m#[[32mconn.c:184[90m][33m xbee_conLogAddress()[0m [35m0x7f9732d00000[90m:[0m    16-bit address:  0x5733
[36m 25[90m#[[32mlog.c:242[90m][33m _xbee_logData()[0m [35m0x7f9732d00000[90m:[0m Tx[[31m0x7f9732d000b0[0m] length: 17
[36m 25[90m#[[32mlog.c:256[90m][33m _xbee_logData()[0m [35m0x7f9732d00000[90m:[0m Rx[[31m0x7f9732d00140[0m]: 0x0008 : 0x85 0x57 0x33 0x01 0xFF 0xFE            | .W3...  
[36m 16[90m#[[32mconn.c:191[90m][33m xbee_conLogAddress()[0m [35m0x7f9732d00000[90m:[0m    64-bit address:  0x0013A200 0x40A93385
[36m 25[90m#[[32mlog.c:256[90m][33m _xbee_logData()[0m [35m0x7f9732d00000[90m:[0m Tx[[31m0x7f9732d000b0[0m]: 0x0000 : 0x10 0x00 0x00 0x13 0xA2 0x00 0x40 0xA9  | ......@.
[36m 25[90m#[[32mlog.c:242[90m][33m _xbee_logData()[0m [35m0x7f9732d00000[90m:[0m Rx[[31m0x7f9732d00140[0m] length: 18
[36m 16[90m#[[32mconn.c:198[90m][33m xbee_conLogAddress()[0m [35m0x7f9732d00000[90m:[0m    endpoints:       --
[36m 25[90m#[[32mlog.c:256[90m][33m _xbee_logData()[0m [35m0x7f9732d00000[90m:[0m Tx[[31m0x7f9732d000b0[0m]: 0x0008 : 0x33 0x85 0xFF 0xFE 0x00 0x00 0x48 0x0D  | 3.....H.
[36m 25[90m#[[32mlog.c:256[90m][33m _xbee_logData()[0m [35m0x7f9732d00000[90m:[0m Rx[[31m0x7f9732d00140[0m]: 0x0000 : 0x90 0x00 0x13 0xA2 0x00 0x40 0xA9 0x33  | .....@.3
[36m 16[90m#[[32mconn.c:203[90m][33m xbee_conLogAddress()[0m [35m0x7f9732d00000[90m:[0m    profile ID:      ----
[36m 25[90m#[[32mlog.c:256[90m][33m _xbee_logData()[0m [35m0x7f9732d00000[90m:[0m Tx[[31m0x7f9732d000b0[0m]: 0x0010 : 0x0A                                     | .       
[36m 25[90m#[[32mlog.c:256[90m][33m _xbee_logData()[0m [35m0x7f9732d00000[90m:[0m Rx[[31m0x7f9732d00140[0m]: 0x0008 : 0x85 0x57 0x33 0x01 0xFE 0xC0 0xC0 0xF2  | .W3.....
[36m 16[90m#[[32mconn.c:208[90m][33m xbee_conLogAddress()[0m [35m0x7f9732d00000[90m:[0m    cluster ID:      ----
[36m 25[90m#[[32mlog.c:256[90m][33m _xbee_logData()[0m [35m0x7f9732d00000[90m:[0m Rx[[31m0x7f9732d00140[0m]: 0x0010 : 0xFE 0xFF                                | ..      
[36m 12[90m#[[32mrx.c:197[90m][33m xbee_rxHandler()[0m [35m0x7f9732d00000[90m:[0m received 'Data' type packet...
[36m 15[90m#[[32mrx.c:214[90m][33m xbee_rxHandler()[0m [35m0x7f9732d00000[90m:[0m matched packet with con @ 0x7f9732d00980
[36m 16[90m#[[32mconn.c:181[90m][33m xbee_conLogAddress()[0m [35m0x7f9732d00000[90m:[0m address @ 0x10cc7de08...
[36m 16[90m#[[32mconn.c:182[90m][33m xbee_conLogAddress()[0m [35m0x7f9732d00000[90m:[0m    broadcast:      No
[36m 15[90m#[[32mthread.c:68[90m][33m threadFunc()[0m [35m0x7f9732d00000[90m:[0m starting thread 0x7f9734000090, function xbee_conCallbackHandler()...
[36m 25[90m#[[32mlog.c:242[90m][33m _xbee_logData()[0m [35m0x7f9732d00000[90m:[0m Rx[[31m0x7f9732d00140[0m] length: 16
[36m 16[90m#[[32mconn.c:184[90m][33m xbee_conLogAddress()[0m [35m0x7f9732d00000[90m:[0m    16-bit address:  0x5733
[36m  8[90m#[[32mconn.c:924[90m][33m xbee_conCallbackHandler()[0m [35m0x7f9732d00000[90m:[0m connection @ 0x7f9732d00980 got packet @ 0x7f9732f00030, about to hand to callback function @ 0x10cb0a680...
[36m 25[90m#[[32mlog.c:256[90m][33m _xbee_logData()[0m [35m0x7f9732d00000[90m:[0m Rx[[31m0x7f9732d00140[0m]: 0x0000 : 0x90 0x00 0x13 0xA2 0x00 0x40 0xA9 0x33  | .....@.3
[36m 16[90m#[[32mconn.c:191[90m][33m xbee_conLogAddress()[0m [35m0x7f9732d00000[90m:[0m    64-bit address:  0x0013A200 0x40A93385
[36m 25[90m#[[32mlog.c:256[90m][33m _xbee_logData()[0m [35m0x7f9732d00000[90m:[0m Rx[[31m0x7f9732d00140[0m]: 0x0008 : 0x85 0x57 0x33 0x01 0xFB 0xFA 0xF2 0xFA  | .W3.....
[36m 16[90m#[[32mconn.c:198[90m][33m xbee_conLogAddress()[0m [35m0x7f9732d00000[90m:[0m    endpoints:       --
[36m 16[90m#[[32mconn.c:203[90m][33m xbee_conLogAddress()[0m [35m0x7f9732d00000[90m:[0m    profile ID:      ----
[36m 25[90m#[[32mlog.c:242[90m][33m _xbee_logData()[0m [35m0x7f9732d00000[90m:[0m Rx[[31m0x7f9732d00140[0m] length: 13
[36m 16[90m#[[32mconn.c:208[90m][33m xbee_conLogAddress()[0m [35m0x7f9732d00000[90m:[0m    cluster ID:      ----
[36m 25[90m#[[32mlog.c:256[90m][33m _xbee_logData()[0m [35m0x7f9732d00000[90m:[0m Rx[[31m0x7f9732d00140[0m]: 0x0000 : 0x90 0x00 0x13 0xA2 0x00 0x40 0xA9 0x33  | .....@.3
[36m 12[90m#[[32mrx.c:197[90m][33m xbee_rxHandler()[0m [35m0x7f9732d00000[90m:[0m received 'Data' type packet...
[36m 25[90m#[[32mlog.c:256[90m][33m _xbee_logData()[0m [35m0x7f9732d00000[90m:[0m Rx[[31m0x7f9732d00140[0m]: 0x0008 : 0x85 0x57 0x33 0x01 0xFC                 | .W3..   
[36m 15[90m#[[32mrx.c:214[90m][33m xbee_rxHandler()[0m [35m0x7f9732d00000[90m:[0m matched packet with con @ 0x7f9732d00980
[36m  8[90m#[[32mconn.c:924[90m][33m xbee_conCallbackHandler()[0m [35m0x7f9732d00000[90m:[0m connection @ 0x7f9732d00980 got packet @ 0x7f9734000180, about to hand to callback function @ 0x10cb0a680...
[36m 16[90m#[[32mconn.c:181[90m][33m xbee_conLogAddress()[0m [35m0x7f9732d00000[90m:[0m address @ 0x10cc7de08...
[36m 25[90m#[[32mlog.c:242[90m][33m _xbee_logData()[0m [35m0x7f9732d00000[90m:[0m Rx[[31m0x7f9732d00140[0m] length: 15
[36m 16[90m#[[32mconn.c:182[90m][33m xbee_conLogAddress()[0m [35m0x7f9732d00000[90m:[0m    broadcast:      No
[36m 25[90m#[[32mlog.c:256[90m][33m _xbee_logData()[0m [35m0x7f9732d00000[90m:[0m Rx[[31m0x7f9732d00140[0m]: 0x0000 : 0x90 0x00 0x13 0xA2 0x00 0x40 0xA9 0x33  | .....@.3
[36m 16[90m#[[32mconn.c:184[90m][33m xbee_conLogAddress()[0m [35m0x7f9732d00000[90m:[0m    16-bit address:  0x5733
[36m 25[90m#[[32mlog.c:256[90m][33m _xbee_logData()[0m [35m0x7f9732d00000[90m:[0m Rx[[31m0x7f9732d00140[0m]: 0x0008 : 0x85 0x57 0x33 0x01 0xFC 0x13 0xF8       | .W3.... 
[36m 16[90m#[[32mconn.c:191[90m][33m xbee_conLogAddress()[0m [35m0x7f9732d00000[90m:[0m    64-bit address:  0x0013A200 0x40A93385
[36m 16[90m#[[32mconn.c:198[90m][33m xbee_conLogAddress()[0m [35m0x7f9732d00000[90m:[0m    endpoints:       --
[36m 25[90m#[[32mlog.c:242[90m][33m _xbee_logData()[0m [35m0x7f9732d00000[90m:[0m Rx[[31m0x7f9732d00140[0m] length: 16
[36m 16[90m#[[32mconn.c:203[90m][33m xbee_conLogAddress()[0m [35m0x7f9732d00000[90m:[0m    profile ID:      ----
[36m 25[90m#[[32mlog.c:256[90m][33m _xbee_logData()[0m [35m0x7f9732d00000[90m:[0m Rx[[31m0x7f9732d00140[0m]: 0x0000 : 0x90 0x00 0x13 0xA2 0x00 0x40 0xA9 0x33  | .....@.3
[36m 16[90m#[[32mconn.c:208[90m][33m xbee_conLogAddress()[0m [35m0x7f9732d00000[90m:[0m    cluster ID:      ----
[36m 25[90m#[[32mlog.c:256[90m][33m _xbee_logData()[0m [35m0x7f9732d00000[90m:[0m Rx[[31m0x7f9732d00140[0m]: 0x0008 : 0x85 0x57 0x33 0x01 0xFC 0x21 0x49 0x00  | .W3..!I.
[36m 12[90m#[[32mrx.c:197[90m][33m xbee_rxHandler()[0m [35m0x7f9732d00000[90m:[0m received 'Data' type packet...
[36m 15[90m#[[32mrx.c:214[90m][33m xbee_rxHandler()[0m [35m0x7f9732d00000[90m:[0m matched packet with con @ 0x7f9732d00980
[36m 25[90m#[[32mlog.c:242[90m][33m _xbee_logData()[0m [35m0x7f9732d00000[90m:[0m Rx[[31m0x7f9732d00140[0m] length: 19
[36m 16[90m#[[32mconn.c:181[90m][33m xbee_conLogAddress()[0m [35m0x7f9732d00000[90m:[0m address @ 0x10cc7de08...
[36m 25[90m#[[32mlog.c:256[90m][33m _xbee_logData()[0m [35m0x7f9732d00000[90m:[0m Rx[[31m0x7f9732d00140[0m]: 0x0000 : 0x90 0x00 0x13 0xA2 0x00 0x40 0xA9 0x33  | .....@.3
[36m  8[90m#[[32mconn.c:924[90m][33m xbee_conCallbackHandler()[0m [35m0x7f9732d00000[90m:[0m connection @ 0x7f9732d00980 got packet @ 0x7f9732d00e10, about to hand to callback function @ 0x10cb0a680...
[36m 16[90m#[[32mconn.c:182[90m][33m xbee_conLogAddress()[0m [35m0x7f9732d00000[90m:[0m    broadcast:      No
[36m 25[90m#[[32mlog.c:256[90m][33m _xbee_logData()[0m [35m0x7f9732d00000[90m:[0m Rx[[31m0x7f9732d00140[0m]: 0x0008 : 0x85 0x57 0x33 0x01 0xFC 0x71 0xA4 0x4F  | .W3..q.O
[36m 16[90m#[[32mconn.c:184[90m][33m xbee_conLogAddress()[0m [35m0x7f9732d00000[90m:[0m    16-bit address:  0x5733
[36m 25[90m#[[32mlog.c:256[90m][33m _xbee_logData()[0m [35m0x7f9732d00000[90m:[0m Rx[[31m0x7f9732d00140[0m]: 0x0010 : 0x4A 0x82 0xF6                           | J..     
[36m 16[90m#[[32mconn.c:191[90m][33m xbee_conLogAddress()[0m [35m0x7f9732d00000[90m:[0m    64-bit address:  0x0013A200 0x40A93385
[36m 16[90m#[[32mconn.c:198[90m][33m xbee_conLogAddress()[0m [35m0x7f9732d00000[90m:[0m    endpoints:       --
[36m 25[90m#[[32mlog.c:242[90m][33m _xbee_logData()[0m [35m0x7f9732d00000[90m:[0m Rx[[31m0x7f9732d00140[0m] length: 14
[36m 16[90m#[[32mconn.c:203[90m][33m xbee_conLogAddress()[0m [35m0x7f9732d00000[90m:[0m    profile ID:      ----
[36m 25[90m#[[32mlog.c:256[90m][33m _xbee_logData()[0m [35m0x7f9732d00000[90m:[0m Rx[[31m0x7f9732d00140[0m]: 0x0000 : 0x90 0x00 0x13 0xA2 0x00 0x40 0xA9 0x33  | .....@.3
[36m 16[90m#[[32mconn.c:208[90m][33m xbee_conLogAddress()[0m [35m0x7f9732d00000[90m:[0m    cluster ID:      ----
[36m 25[90m#[[32mlog.c:256[90m][33m _xbee_logData()[0m [35m0x7f9732d00000[90m:[0m Rx[[31m0x7f9732d00140[0m]: 0x0008 : 0x85 0x57 0x33 0x01 0xFC 0xFC            | .W3...  
[36m 12[90m#[[32mrx.c:197[90m][33m xbee_rxHandler()[0m [35m0x7f9732d00000[90m:[0m received 'Data' type packet...
[36m  8[90m#[[32mconn.c:924[90m][33m xbee_conCallbackHandler()[0m [35m0x7f9732d00000[90m:[0m connection @ 0x7f9732d00980 got packet @ 0x7f9734000150, about to hand to callback function @ 0x10cb0a680...
[36m 25[90m#[[32mlog.c:242[90m][33m _xbee_logData()[0m [35m0x7f9732d00000[90m:[0m Rx[[31m0x7f9732d00140[0m] length: 15
[36m 15[90m#[[32mrx.c:214[90m][33m xbee_rxHandler()[0m [35m0x7f9732d00000[90m:[0m matched packet with con @ 0x7f9732d00980
[36m 25[90m#[[32mlog.c:256[90m][33m _xbee_logData()[0m [35m0x7f9732d00000[90m:[0m Rx[[31m0x7f9732d00140[0m]: 0x0000 : 0x90 0x00 0x13 0xA2 0x00 0x40 0xA9 0x33  | .....@.3
[36m 16[90m#[[32mconn.c:181[90m][33m xbee_conLogAddress()[0m [35m0x7f9732d00000[90m:[0m address @ 0x10cc7de08...
[36m 25[90m#[[32mlog.c:256[90m][33m _xbee_logData()[0m [35m0x7f9732d00000[90m:[0m Rx[[31m0x7f9732d00140[0m]: 0x0008 : 0x85 0x57 0x33 0x01 0xFA 0xFC 0xF8       | .W3.... 
[36m 16[90m#[[32mconn.c:182[90m][33m xbee_conLogAddress()[0m [35m0x7f9732d00000[90m:[0m    broadcast:      No
[36m 25[90m#[[32mlog.c:242[90m][33m _xbee_logData()[0m [35m0x7f9732d00000[90m:[0m Rx[[31m0x7f9732d00140[0m] length: 16
[36m 16[90m#[[32mconn.c:184[90m][33m xbee_conLogAddress()[0m [35m0x7f9732d00000[90m:[0m    16-bit address:  0x5733
[36m 25[90m#[[32mlog.c:256[90m][33m _xbee_logData()[0m [35m0x7f9732d00000[90m:[0m Rx[[31m0x7f9732d00140[0m]: 0x0000 : 0x90 0x00 0x13 0xA2 0x00 0x40 0xA9 0x33  | .....@.3
[36m 16[90m#[[32mconn.c:191[90m][33m xbee_conLogAddress()[0m [35m0x7f9732d00000[90m:[0m    64-bit address:  0x0013A200 0x40A93385
[36m 25[90m#[[32mlog.c:256[90m][33m _xbee_logData()[0m [35m0x7f9732d00000[90m:[0m Rx[[31m0x7f9732d00140[0m]: 0x0008 : 0x85 0x57 0x33 0x01 0x60 0xC0 0xFC 0xE0  | .W3.`...
[36m 16[90m#[[32mconn.c:198[90m][33m xbee_conLogAddress()[0m [35m0x7f9732d00000[90m:[0m    endpoints:       --
[36m 16[90m#[[32mconn.c:203[90m][33m xbee_conLogAddress()[0m [35m0x7f9732d00000[90m:[0m    profile ID:      ----
[36m 16[90m#[[32mconn.c:208[90m][33m xbee_conLogAddress()[0m [35m0x7f9732d00000[90m:[0m    cluster ID:      ----
[36m 12[90m#[[32mrx.c:197[90m][33m xbee_rxHandler()[0m [35m0x7f9732d00000[90m:[0m received 'Data' type packet...
[36m 15[90m#[[32mrx.c:214[90m][33m xbee_rxHandler()[0m [35m0x7f9732d00000[90m:[0m matched packet with con @ 0x7f9732d00980
[36m 16[90m#[[32mconn.c:181[90m][33m xbee_conLogAddress()[0m [35m0x7f9732d00000[90m:[0m address @ 0x10cc7de08...
[36m 16[90m#[[32mconn.c:182[90m][33m xbee_conLogAddress()[0m [35m0x7f9732d00000[90m:[0m    broadcast:      No
[36m 16[90m#[[32mconn.c:184[90m][33m xbee_conLogAddress()[0m [35m0x7f9732d00000[90m:[0m    16-bit address:  0x5733
[36m  8[90m#[[32mconn.c:924[90m][33m xbee_conCallbackHandler()[0m [35m0x7f9732d00000[90m:[0m connection @ 0x7f9732d00980 got packet @ 0x7f9732e00280, about to hand to callback function @ 0x10cb0a680...
[36m 16[90m#[[32mconn.c:191[90m][33m xbee_conLogAddress()[0m [35m0x7f9732d00000[90m:[0m    64-bit address:  0x0013A200 0x40A93385
[36m 16[90m#[[32mconn.c:198[90m][33m xbee_conLogAddress()[0m [35m0x7f9732d00000[90m:[0m    endpoints:       --
[36m 16[90m#[[32mconn.c:203[90m][33m xbee_conLogAddress()[0m [35m0x7f9732d00000[90m:[0m    profile ID:      ----
[36m 16[90m#[[32mconn.c:208[90m][33m xbee_conLogAddress()[0m [35m0x7f9732d00000[90m:[0m    cluster ID:      ----
[36m 12[90m#[[32mrx.c:197[90m][33m xbee_rxHandler()[0m [35m0x7f9732d00000[90m:[0m received 'Data' type packet...
[36m 15[90m#[[32mrx.c:214[90m][33m xbee_rxHandler()[0m [35m0x7f9732d00000[90m:[0m matched packet with con @ 0x7f9732d00980
[36m 16[90m#[[32mconn.c:181[90m][33m xbee_conLogAddress()[0m [35m0x7f9732d00000[90m:[0m address @ 0x10cc7de08...
[36m 16[90m#[[32mconn.c:182[90m][33m xbee_conLogAddress()[0m [35m0x7f9732d00000[90m:[0m    broadcast:      No
[36m 16[90m#[[32mconn.c:184[90m][33m xbee_conLogAddress()[0m [35m0x7f9732d00000[90m:[0m    16-bit address:  0x5733
[36m  8[90m#[[32mconn.c:924[90m][33m xbee_conCallbackHandler()[0m [35m0x7f9732d00000[90m:[0m connection @ 0x7f9732d00980 got packet @ 0x7f9732f000d0, about to hand to callback function @ 0x10cb0a680...
[36m 16[90m#[[32mconn.c:191[90m][33m xbee_conLogAddress()[0m [35m0x7f9732d00000[90m:[0m    64-bit address:  0x0013A200 0x40A93385
[36m 16[90m#[[32mconn.c:198[90m][33m xbee_conLogAddress()[0m [35m0x7f9732d00000[90m:[0m    endpoints:       --
[36m 16[90m#[[32mconn.c:203[90m][33m xbee_conLogAddress()[0m [35m0x7f9732d00000[90m:[0m    profile ID:      ----
[36m 16[90m#[[32mconn.c:208[90m][33m xbee_conLogAddress()[0m [35m0x7f9732d00000[90m:[0m    cluster ID:      ----
[36m 12[90m#[[32mrx.c:197[90m][33m xbee_rxHandler()[0m [35m0x7f9732d00000[90m:[0m received 'Data' type packet...
[36m  8[90m#[[32mconn.c:924[90m][33m xbee_conCallbackHandler()[0m [35m0x7f9732d00000[90m:[0m connection @ 0x7f9732d00980 got packet @ 0x7f9732f00250, about to hand to callback function @ 0x10cb0a680...
[36m 15[90m#[[32mrx.c:214[90m][33m xbee_rxHandler()[0m [35m0x7f9732d00000[90m:[0m matched packet with con @ 0x7f9732d00980
[36m 16[90m#[[32mconn.c:181[90m][33m xbee_conLogAddress()[0m [35m0x7f9732d00000[90m:[0m address @ 0x10cc7de08...
[36m 16[90m#[[32mconn.c:182[90m][33m xbee_conLogAddress()[0m [35m0x7f9732d00000[90m:[0m    broadcast:      No
[36m 16[90m#[[32mconn.c:184[90m][33m xbee_conLogAddress()[0m [35m0x7f9732d00000[90m:[0m    16-bit address:  0x5733
[36m 16[90m#[[32mconn.c:191[90m][33m xbee_conLogAddress()[0m [35m0x7f9732d00000[90m:[0m    64-bit address:  0x0013A200 0x40A93385
[36m 16[90m#[[32mconn.c:198[90m][33m xbee_conLogAddress()[0m [35m0x7f9732d00000[90m:[0m    endpoints:       --
[36m 16[90m#[[32mconn.c:203[90m][33m xbee_conLogAddress()[0m [35m0x7f9732d00000[90m:[0m    profile ID:      ----
[36m 16[90m#[[32mconn.c:208[90m][33m xbee_conLogAddress()[0m [35m0x7f9732d00000[90m:[0m    cluster ID:      ----
[36m 12[90m#[[32mrx.c:197[90m][33m xbee_rxHandler()[0m [35m0x7f9732d00000[90m:[0m received 'Data' type packet...
[36m 15[90m#[[32mrx.c:214[90m][33m xbee_rxHandler()[0m [35m0x7f9732d00000[90m:[0m matched packet with con @ 0x7f9732d00980
[36m 16[90m#[[32mconn.c:181[90m][33m xbee_conLogAddress()[0m [35m0x7f9732d00000[90m:[0m address @ 0x10cc7de08...
[36m  8[90m#[[32mconn.c:924[90m][33m xbee_conCallbackHandler()[0m [35m0x7f9732d00000[90m:[0m connection @ 0x7f9732d00980 got packet @ 0x7f9732d00b10, about to hand to callback function @ 0x10cb0a680...
[36m 16[90m#[[32mconn.c:182[90m][33m xbee_conLogAddress()[0m [35m0x7f9732d00000[90m:[0m    broadcast:      No
[36m 16[90m#[[32mconn.c:184[90m][33m xbee_conLogAddress()[0m [35m0x7f9732d00000[90m:[0m    16-bit address:  0x5733
[36m 16[90m#[[32mconn.c:191[90m][33m xbee_conLogAddress()[0m [35m0x7f9732d00000[90m:[0m    64-bit address:  0x0013A200 0x40A93385
[36m 16[90m#[[32mconn.c:198[90m][33m xbee_conLogAddress()[0m [35m0x7f9732d00000[90m:[0m    endpoints:       --
[36m 16[90m#[[32mconn.c:203[90m][33m xbee_conLogAddress()[0m [35m0x7f9732d00000[90m:[0m    profile ID:      ----
[36m 16[90m#[[32mconn.c:208[90m][33m xbee_conLogAddress()[0m [35m0x7f9732d00000[90m:[0m    cluster ID:      ----
[36m 12[90m#[[32mrx.c:197[90m][33m xbee_rxHandler()[0m [35m0x7f9732d00000[90m:[0m received 'Data' type packet...
[36m 15[90m#[[32mrx.c:214[90m][33m xbee_rxHandler()[0m [35m0x7f9732d00000[90m:[0m matched packet with con @ 0x7f9732d00980
[36m 16[90m#[[32mconn.c:181[90m][33m xbee_conLogAddress()[0m [35m0x7f9732d00000[90m:[0m address @ 0x10cc7de08...
[36m  8[90m#[[32mconn.c:924[90m][33m xbee_conCallbackHandler()[0m [35m0x7f9732d00000[90m:[0m connection @ 0x7f9732d00980 got packet @ 0x7f9732d00f10, about to hand to callback function @ 0x10cb0a680...
[36m 16[90m#[[32mconn.c:182[90m][33m xbee_conLogAddress()[0m [35m0x7f9732d00000[90m:[0m    broadcast:      No
[36m 16[90m#[[32mconn.c:184[90m][33m xbee_conLogAddress()[0m [35m0x7f9732d00000[90m:[0m    16-bit address:  0x5733
[36m 16[90m#[[32mconn.c:191[90m][33m xbee_conLogAddress()[0m [35m0x7f9732d00000[90m:[0m    64-bit address:  0x0013A200 0x40A93385
[36m 16[90m#[[32mconn.c:198[90m][33m xbee_conLogAddress()[0m [35m0x7f9732d00000[90m:[0m    endpoints:       --
[36m 16[90m#[[32mconn.c:203[90m][33m xbee_conLogAddress()[0m [35m0x7f9732d00000[90m:[0m    profile ID:      ----
[36m 16[90m#[[32mconn.c:208[90m][33m xbee_conLogAddress()[0m [35m0x7f9732d00000[90m:[0m    cluster ID:      ----
[36m 12[90m#[[32mrx.c:197[90m][33m xbee_rxHandler()[0m [35m0x7f9732d00000[90m:[0m received 'Data' type packet...
[36m 15[90m#[[32mrx.c:214[90m][33m xbee_rxHandler()[0m [35m0x7f9732d00000[90m:[0m matched packet with con @ 0x7f9732d00980
[36m 16[90m#[[32mconn.c:181[90m][33m xbee_conLogAddress()[0m [35m0x7f9732d00000[90m:[0m address @ 0x10cc7de08...
[36m 16[90m#[[32mconn.c:182[90m][33m xbee_conLogAddress()[0m [35m0x7f9732d00000[90m:[0m    broadcast:      No
[36m 16[90m#[[32mconn.c:184[90m][33m xbee_conLogAddress()[0m [35m0x7f9732d00000[90m:[0m    16-bit address:  0x5733
[36m  8[90m#[[32mconn.c:924[90m][33m xbee_conCallbackHandler()[0m [35m0x7f9732d00000[90m:[0m connection @ 0x7f9732d00980 got packet @ 0x7f9732d00f80, about to hand to callback function @ 0x10cb0a680...
[36m 16[90m#[[32mconn.c:191[90m][33m xbee_conLogAddress()[0m [35m0x7f9732d00000[90m:[0m    64-bit address:  0x0013A200 0x40A93385
[36m 16[90m#[[32mconn.c:198[90m][33m xbee_conLogAddress()[0m [35m0x7f9732d00000[90m:[0m    endpoints:       --
[36m 16[90m#[[32mconn.c:203[90m][33m xbee_conLogAddress()[0m [35m0x7f9732d00000[90m:[0m    profile ID:      ----
[36m 16[90m#[[32mconn.c:208[90m][33m xbee_conLogAddress()[0m [35m0x7f9732d00000[90m:[0m    cluster ID:      ----
[36m 12[90m#[[32mrx.c:197[90m][33m xbee_rxHandler()[0m [35m0x7f9732d00000[90m:[0m received 'Data' type packet...
[36m 15[90m#[[32mrx.c:214[90m][33m xbee_rxHandler()[0m [35m0x7f9732d00000[90m:[0m matched packet with con @ 0x7f9732d00980
[36m 16[90m#[[32mconn.c:181[90m][33m xbee_conLogAddress()[0m [35m0x7f9732d00000[90m:[0m address @ 0x10cc7de08...
[36m 16[90m#[[32mconn.c:182[90m][33m xbee_conLogAddress()[0m [35m0x7f9732d00000[90m:[0m    broadcast:      No
[36m  8[90m#[[32mconn.c:924[90m][33m xbee_conCallbackHandler()[0m [35m0x7f9732d00000[90m:[0m connection @ 0x7f9732d00980 got packet @ 0x7f9732d00f10, about to hand to callback function @ 0x10cb0a680...
[36m 16[90m#[[32mconn.c:184[90m][33m xbee_conLogAddress()[0m [35m0x7f9732d00000[90m:[0m    16-bit address:  0x5733
[36m 16[90m#[[32mconn.c:191[90m][33m xbee_conLogAddress()[0m [35m0x7f9732d00000[90m:[0m    64-bit address:  0x0013A200 0x40A93385
[36m 16[90m#[[32mconn.c:198[90m][33m xbee_conLogAddress()[0m [35m0x7f9732d00000[90m:[0m    endpoints:       --
[36m 16[90m#[[32mconn.c:203[90m][33m xbee_conLogAddress()[0m [35m0x7f9732d00000[90m:[0m    profile ID:      ----
[36m 16[90m#[[32mconn.c:208[90m][33m xbee_conLogAddress()[0m [35m0x7f9732d00000[90m:[0m    cluster ID:      ----
[36m  8[90m#[[32mconn.c:924[90m][33m xbee_conCallbackHandler()[0m [35m0x7f9732d00000[90m:[0m connection @ 0x7f9732d00980 got packet @ 0x7f9732d00f80, about to hand to callback function @ 0x10cb0a680...
[36m  1[90m#[[32mmodes/common.c:197[90m][33m xbee_xbeeRxIo()[0m [35m0x7f9732d00000[90m:[0m INVALID CHECKSUM (given: 0x00, result: 0xA9)... data loss has occured (packet length: 16)
[36m 10[90m#[[32mmodes/common.c:199[90m][33m xbee_xbeeRxIo()[0m [35m0x7f9732d00000[90m:[0m     0: 0x90  .
[36m 10[90m#[[32mmodes/common.c:199[90m][33m xbee_xbeeRxIo()[0m [35m0x7f9732d00000[90m:[0m     1: 0x00  .
[36m 10[90m#[[32mmodes/common.c:199[90m][33m xbee_xbeeRxIo()[0m [35m0x7f9732d00000[90m:[0m     2: 0x13  .
[36m 10[90m#[[32mmodes/common.c:199[90m][33m xbee_xbeeRxIo()[0m [35m0x7f9732d00000[90m:[0m     3: 0xA2  .
[36m 10[90m#[[32mmodes/common.c:199[90m][33m xbee_xbeeRxIo()[0m [35m0x7f9732d00000[90m:[0m     4: 0x00  .
[36m 10[90m#[[32mmodes/common.c:199[90m][33m xbee_xbeeRxIo()[0m [35m0x7f9732d00000[90m:[0m     5: 0x40  @
[36m 10[90m#[[32mmodes/common.c:199[90m][33m xbee_xbeeRxIo()[0m [35m0x7f9732d00000[90m:[0m     6: 0xA9  .
[36m 10[90m#[[32mmodes/common.c:199[90m][33m xbee_xbeeRxIo()[0m [35m0x7f9732d00000[90m:[0m     7: 0x33  3
[36m 10[90m#[[32mmodes/common.c:199[90m][33m xbee_xbeeRxIo()[0m [35m0x7f9732d00000[90m:[0m     8: 0x85  .
[36m 10[90m#[[32mmodes/common.c:199[90m][33m xbee_xbeeRxIo()[0m [35m0x7f9732d00000[90m:[0m     9: 0x57  W
[36m 10[90m#[[32mmodes/common.c:199[90m][33m xbee_xbeeRxIo()[0m [35m0x7f9732d00000[90m:[0m    10: 0x33  3
[36m 10[90m#[[32mmodes/common.c:199[90m][33m xbee_xbeeRxIo()[0m [35m0x7f9732d00000[90m:[0m    11: 0x01  .
[36m 10[90m#[[32mmodes/common.c:199[90m][33m xbee_xbeeRxIo()[0m [35m0x7f9732d00000[90m:[0m    12: 0x68  h
[36m 10[90m#[[32mmodes/common.c:199[90m][33m xbee_xbeeRxIo()[0m [35m0x7f9732d00000[90m:[0m    13: 0x56  V
[36m 10[90m#[[32mmodes/common.c:199[90m][33m xbee_xbeeRxIo()[0m [35m0x7f9732d00000[90m:[0m    14: 0xFC  .
[36m 10[90m#[[32mmodes/common.c:199[90m][33m xbee_xbeeRxIo()[0m [35m0x7f9732d00000[90m:[0m    15: 0x7E  ~
[36m 25[90m#[[32mlog.c:242[90m][33m _xbee_logData()[0m [35m0x7f9732d00000[90m:[0m Tx[[31m0x7f9732d000b0[0m] length: 17
[36m 25[90m#[[32mlog.c:256[90m][33m _xbee_logData()[0m [35m0x7f9732d00000[90m:[0m Tx[[31m0x7f9732d000b0[0m]: 0x0000 : 0x10 0x00 0x00 0x13 0xA2 0x00 0x40 0xA9  | ......@.
[36m 25[90m#[[32mlog.c:256[90m][33m _xbee_logData()[0m [35m0x7f9732d00000[90m:[0m Tx[[31m0x7f9732d000b0[0m]: 0x0008 : 0x33 0x85 0x57 0x33 0x00 0x00 0x4C 0x0D  | 3.W3..L.
[36m 25[90m#[[32mlog.c:256[90m][33m _xbee_logData()[0m [35m0x7f9732d00000[90m:[0m Tx[[31m0x7f9732d000b0[0m]: 0x0010 : 0x0A                                     | .       
[36m 25[90m#[[32mlog.c:242[90m][33m _xbee_logData()[0m [35m0x7f9732d00000[90m:[0m Rx[[31m0x7f9732d00140[0m] length: 28
[36m 25[90m#[[32mlog.c:256[90m][33m _xbee_logData()[0m [35m0x7f9732d00000[90m:[0m Rx[[31m0x7f9732d00140[0m]: 0x0000 : 0x90 0x00 0x13 0xA2 0x00 0x40 0xA9 0x33  | .....@.3
[36m 25[90m#[[32mlog.c:256[90m][33m _xbee_logData()[0m [35m0x7f9732d00000[90m:[0m Rx[[31m0x7f9732d00140[0m]: 0x0008 : 0x85 0x57 0x33 0x01 0x4C 0x69 0x67 0x68  | .W3.Ligh
[36m 25[90m#[[32mlog.c:256[90m][33m _xbee_logData()[0m [35m0x7f9732d00000[90m:[0m Rx[[31m0x7f9732d00140[0m]: 0x0010 : 0x74 0x20 0x69 0x73 0x20 0x4F 0x66 0x66  | t is Off
[36m 25[90m#[[32mlog.c:256[90m][33m _xbee_logData()[0m [35m0x7f9732d00000[90m:[0m Rx[[31m0x7f9732d00140[0m]: 0x0018 : 0x20 0x6E 0x6F 0x77                      |  now    
[36m 12[90m#[[32mrx.c:197[90m][33m xbee_rxHandler()[0m [35m0x7f9732d00000[90m:[0m received 'Data' type packet...
[36m 15[90m#[[32mrx.c:214[90m][33m xbee_rxHandler()[0m [35m0x7f9732d00000[90m:[0m matched packet with con @ 0x7f9732d00980
[36m 16[90m#[[32mconn.c:181[90m][33m xbee_conLogAddress()[0m [35m0x7f9732d00000[90m:[0m address @ 0x10cc7de08...
[36m 16[90m#[[32mconn.c:182[90m][33m xbee_conLogAddress()[0m [35m0x7f9732d00000[90m:[0m    broadcast:      No
[36m 16[90m#[[32mconn.c:184[90m][33m xbee_conLogAddress()[0m [35m0x7f9732d00000[90m:[0m    16-bit address:  0x5733
[36m 16[90m#[[32mconn.c:191[90m][33m xbee_conLogAddress()[0m [35m0x7f9732d00000[90m:[0m    64-bit address:  0x0013A200 0x40A93385
[36m 16[90m#[[32mconn.c:198[90m][33m xbee_conLogAddress()[0m [35m0x7f9732d00000[90m:[0m    endpoints:       --
[36m 16[90m#[[32mconn.c:203[90m][33m xbee_conLogAddress()[0m [35m0x7f9732d00000[90m:[0m    profile ID:      ----
[36m 16[90m#[[32mconn.c:208[90m][33m xbee_conLogAddress()[0m [35m0x7f9732d00000[90m:[0m    cluster ID:      ----
[36m  8[90m#[[32mconn.c:924[90m][33m xbee_conCallbackHandler()[0m [35m0x7f9732d00000[90m:[0m connection @ 0x7f9732d00980 got packet @ 0x7f9732d01080, about to hand to callback function @ 0x10cb0a680...
[36m 10[90m#[[32mthread.c:78[90m][33m threadFunc()[0m [35m0x7f9732d00000[90m:[0m thread 0x7f9734000090, function xbee_conCallbackHandler() returned without error...
[36m 15[90m#[[32mthread.c:93[90m][33m threadFunc()[0m [35m0x7f9732d00000[90m:[0m thread 0x7f9734000090, function xbee_conCallbackHandler() has now ended...
